producer_class	xtools.gsea.GseaPreranked
producer_timestamp	1648629436063
param	rpt_label	GSEA_gene_level_UPS
param	rnd_seed	timestamp
param	set_min	15
param	chip	ftp.broadinstitute.org://pub/gsea/annotations_versioned/Human_Gene_Symbol_with_Remapping_MSigDB.v7.5.chip
param	zip_report	false
param	create_svgs	false
param	scoring_scheme	weighted
param	rnk	/Users/aliciapliego/Projects/HRDsarcoma/DE_genes_UPS.rnk
param	norm	meandiv
param	out	/Users/aliciapliego/Projects/HRDsarcoma/gsea
param	mode	Max_probe
param	include_only_symbols	true
param	help	false
param	set_max	500
param	gmx	ftp.broadinstitute.org://pub/gsea/gene_sets/c5.all.v7.5.1.symbols.gmt
param	make_sets	true
param	plot_top_x	20
param	gui	false
param	nperm	1000
param	collapse	Remap_Only

file	/Users/aliciapliego/Projects/HRDsarcoma/gsea/GSEA_gene_level_UPS.GseaPreranked.1648629436063/index.html
